-------------------------------------------------------------------------------
Test set: CreateCourierTest
-------------------------------------------------------------------------------
Tests run: 5, Failures: 1, Errors: 2, Skipped: 0, Time elapsed: 128.608 s <<< FAILURE! - in CreateCourierTest
createCourierLoginExistAndCheckNegativeResponse(CreateCourierTest)  Time elapsed: 64.234 s  <<< ERROR!
java.lang.IllegalStateException: 
Cannot parse content to class IdCourier because no content-type was present in the response and no default parser has been set.
You can specify a default parser using e.g.:
RestAssured.defaultParser = Parser.JSON;

or you can specify an explicit ObjectMapper using as(class IdCourier, <ObjectMapper>);
	at CreateCourierTest.deleteData(CreateCourierTest.java:26)

createNewCourierAndCheckResponse(CreateCourierTest)  Time elapsed: 1.659 s  <<< FAILURE!
java.lang.AssertionError: 
1 expectation failed.
JSON path ok doesn't match.
Expected: <true>
  Actual: null

	at CreateCourierTest.createNewCourierAndCheckResponse(CreateCourierTest.java:45)

createCourierWithoutFieldAndCheckNegativeResponse(CreateCourierTest)  Time elapsed: 60.294 s  <<< ERROR!
java.lang.IllegalStateException: 
Cannot parse content to class IdCourier because no content-type was present in the response and no default parser has been set.
You can specify a default parser using e.g.:
RestAssured.defaultParser = Parser.JSON;

or you can specify an explicit ObjectMapper using as(class IdCourier, <ObjectMapper>);
	at CreateCourierTest.deleteData(CreateCourierTest.java:26)

